[debug] [2021-03-30T06:26:51.914Z] ----------------------------------------------------------------------
[debug] [2021-03-30T06:26:51.921Z] Command:       C:\Program Files\nodejs\node.exe C:\Users\ACER\AppData\Roaming\npm\node_modules\firebase-tools\lib\bin\firebase.js deploy --only hosting
[debug] [2021-03-30T06:26:51.922Z] CLI Version:   9.6.1
[debug] [2021-03-30T06:26:51.922Z] Platform:      win32
[debug] [2021-03-30T06:26:51.922Z] Node Version:  v12.16.3
[debug] [2021-03-30T06:26:51.973Z] Time:          Tue Mar 30 2021 11:56:51 GMT+0530 (India Standard Time)
[debug] [2021-03-30T06:26:51.974Z] ----------------------------------------------------------------------
[debug] [2021-03-30T06:26:51.974Z] 
[debug] [2021-03-30T06:26:52.079Z] > command requires scopes: ["email","openid","https://www.googleapis.com/auth/cloudplatformprojects.readonly","https://www.googleapis.com/auth/firebase","https://www.googleapis.com/auth/cloud-platform"]
[debug] [2021-03-30T06:26:52.080Z] > authorizing via signed-in user
[debug] [2021-03-30T06:26:52.081Z] [iam] checking project challenge-9ec4c for permissions ["firebase.projects.get","firebasehosting.sites.update"]
[debug] [2021-03-30T06:26:52.084Z] > refreshing access token with scopes: ["email","https://www.googleapis.com/auth/cloud-platform","https://www.googleapis.com/auth/cloudplatformprojects.readonly","https://www.googleapis.com/auth/firebase","openid"]
[debug] [2021-03-30T06:26:52.084Z] >>> HTTP REQUEST POST https://www.googleapis.com/oauth2/v3/token  
 <request body omitted>
[debug] [2021-03-30T06:26:52.563Z] <<< HTTP RESPONSE 200 {"pragma":"no-cache","expires":"Mon, 01 Jan 1990 00:00:00 GMT","cache-control":"no-cache, no-store, max-age=0, must-revalidate","date":"Tue, 30 Mar 2021 06:26:55 GMT","content-type":"application/json; charset=utf-8","vary":"X-Origin, Referer, Origin,Accept-Encoding","server":"scaffolding on HTTPServer2","x-xss-protection":"0","x-frame-options":"SAMEORIGIN","x-content-type-options":"nosniff","alt-svc":"h3-29=\":443\"; ma=2592000,h3-T051=\":443\"; ma=2592000,h3-Q050=\":443\"; ma=2592000,h3-Q046=\":443\"; ma=2592000,h3-Q043=\":443\"; ma=2592000,quic=\":443\"; ma=2592000; v=\"46,43\"","accept-ranges":"none","transfer-encoding":"chunked"}
[debug] [2021-03-30T06:26:52.618Z] >>> HTTP REQUEST POST https://cloudresourcemanager.googleapis.com/v1/projects/challenge-9ec4c:testIamPermissions  
 {"permissions":["firebase.projects.get","firebasehosting.sites.update"]}
[debug] [2021-03-30T06:26:54.411Z] <<< HTTP RESPONSE 200 {"content-type":"application/json; charset=UTF-8","vary":"X-Origin, Referer, Origin,Accept-Encoding","date":"Tue, 30 Mar 2021 06:26:57 GMT","server":"ESF","cache-control":"private","x-xss-protection":"0","x-frame-options":"SAMEORIGIN","x-content-type-options":"nosniff","server-timing":"gfet4t7; dur=1411","alt-svc":"h3-29=\":443\"; ma=2592000,h3-T051=\":443\"; ma=2592000,h3-Q050=\":443\"; ma=2592000,h3-Q046=\":443\"; ma=2592000,h3-Q043=\":443\"; ma=2592000,quic=\":443\"; ma=2592000; v=\"46,43\"","accept-ranges":"none","transfer-encoding":"chunked"}
[debug] [2021-03-30T06:26:54.413Z] > refreshing access token with scopes: []
[debug] [2021-03-30T06:26:54.413Z] >>> HTTP REQUEST POST https://www.googleapis.com/oauth2/v3/token  
 <request body omitted>
[debug] [2021-03-30T06:26:54.742Z] <<< HTTP RESPONSE 200 {"date":"Tue, 30 Mar 2021 06:26:57 GMT","cache-control":"no-cache, no-store, max-age=0, must-revalidate","pragma":"no-cache","expires":"Mon, 01 Jan 1990 00:00:00 GMT","content-type":"application/json; charset=utf-8","vary":"X-Origin, Referer, Origin,Accept-Encoding","server":"scaffolding on HTTPServer2","x-xss-protection":"0","x-frame-options":"SAMEORIGIN","x-content-type-options":"nosniff","alt-svc":"h3-29=\":443\"; ma=2592000,h3-T051=\":443\"; ma=2592000,h3-Q050=\":443\"; ma=2592000,h3-Q046=\":443\"; ma=2592000,h3-Q043=\":443\"; ma=2592000,quic=\":443\"; ma=2592000; v=\"46,43\"","accept-ranges":"none","transfer-encoding":"chunked"}
[debug] [2021-03-30T06:26:54.821Z] >>> [apiv2][query] GET https://firebase.googleapis.com/v1beta1/projects/challenge-9ec4c [none]
[debug] [2021-03-30T06:26:55.433Z] <<< [apiv2][status] GET https://firebase.googleapis.com/v1beta1/projects/challenge-9ec4c 200
[debug] [2021-03-30T06:26:55.433Z] <<< [apiv2][body] GET https://firebase.googleapis.com/v1beta1/projects/challenge-9ec4c {"projectId":"challenge-9ec4c","projectNumber":"533057951115","displayName":"amazon-challenge","name":"projects/challenge-9ec4c","resources":{"hostingSite":"challenge-9ec4c","storageBucket":"challenge-9ec4c.appspot.com","locationId":"us-central"},"state":"ACTIVE"}
[debug] [2021-03-30T06:26:55.862Z] TypeError [ERR_INVALID_ARG_TYPE]: The "path" argument must be of type string. Received undefined
    at validateString (internal/validators.js:117:11)
    at Object.join (path.js:375:7)
    at Object.checkFunctionsSDKVersion [as fn] (C:\Users\ACER\AppData\Roaming\npm\node_modules\firebase-tools\lib\checkFirebaseSDKVersion.js:34:28)
    at C:\Users\ACER\AppData\Roaming\npm\node_modules\firebase-tools\lib\command.js:161:30
    at processTicksAndRejections (internal/process/task_queues.js:97:5)
[error] 
[error] Error: An unexpected error has occurred.
